<?xml version="1.0" encoding="UTF-8"?>
<testng-results ignored="0" total="1" passed="1" failed="0" skipped="0">
  <reporter-output>
  </reporter-output>
  <suite started-at="2023-01-16T11:49:40 IST" name="Default suite" finished-at="2023-01-16T11:50:18 IST" duration-ms="37729">
    <groups>
    </groups>
    <test started-at="2023-01-16T11:49:40 IST" name="Default test" finished-at="2023-01-16T11:50:18 IST" duration-ms="37729">
      <class name="POM_DesignPattern.ViaPOM_Design_Pattern">
        <test-method signature="toSearchBussesForThreeDiiferentLocation()[pri:0, instance:POM_DesignPattern.ViaPOM_Design_Pattern@6dbb137d]" started-at="2023-01-16T11:49:40 IST" name="toSearchBussesForThreeDiiferentLocation" finished-at="2023-01-16T11:50:18 IST" duration-ms="37672" status="PASS">
          <reporter-output>
          </reporter-output>
        </test-method> <!-- toSearchBussesForThreeDiiferentLocation -->
      </class> <!-- POM_DesignPattern.ViaPOM_Design_Pattern -->
    </test> <!-- Default test -->
  </suite> <!-- Default suite -->
</testng-results>
