<?xml version="1.0" encoding="UTF-8"?>
<!-- Generated by org.testng.reporters.JUnitXMLReporter -->
<testsuite ignored="0" hostname="Asus-Vivobook14" failures="0" tests="8" name="chromebrowser" time="120.595" errors="0" timestamp="2023-01-10T17:10:31 IST">
  <testcase classname="carsBatchExecution.Car_TC_racing_001" name="Car1" time="16.329"/>
  <testcase classname="carsBatchExecution.Car_TC_racing_002" name="Car1" time="8.816"/>
  <testcase classname="carsBatchExecution.Car_TC_racing_003" name="Car1" time="6.35"/>
  <testcase classname="carsBatchExecution.Car_TC_racing_004" name="Car1" time="36.215"/>
  <testcase classname="headphonesBatchExecution.Headphones_TC_highBass_002" name="Headphones" time="14.146"/>
  <testcase classname="headphonesBatchExecution.Headphones_TC_highBass_001" name="Headphones" time="3.705"/>
  <testcase classname="headphonesBatchExecution.Headphones_TC_highBass_003" name="Headphones" time="17.109"/>
  <testcase classname="headphonesBatchExecution.Headphones_TC_highBass_004" name="Headphones" time="17.882"/>
</testsuite> <!-- chromebrowser -->
