<?xml version="1.0" encoding="UTF-8"?>
<!-- Generated by org.testng.reporters.JUnitXMLReporter -->
<testsuite ignored="0" hostname="Asus-Vivobook14" failures="0" tests="8" name="edgebrowser" time="97.421" errors="0" timestamp="2023-01-10T17:10:08 IST">
  <testcase classname="carsBatchExecution.Car_TC_racing_001" name="Car1" time="5.374"/>
  <testcase classname="carsBatchExecution.Car_TC_racing_002" name="Car1" time="20.13"/>
  <testcase classname="carsBatchExecution.Car_TC_racing_003" name="Car1" time="7.823"/>
  <testcase classname="carsBatchExecution.Car_TC_racing_004" name="Car1" time="6.904"/>
  <testcase classname="headphonesBatchExecution.Headphones_TC_highBass_002" name="Headphones" time="14.243"/>
  <testcase classname="headphonesBatchExecution.Headphones_TC_highBass_001" name="Headphones" time="2.696"/>
  <testcase classname="headphonesBatchExecution.Headphones_TC_highBass_003" name="Headphones" time="19.229"/>
  <testcase classname="headphonesBatchExecution.Headphones_TC_highBass_004" name="Headphones" time="20.957"/>
</testsuite> <!-- edgebrowser -->
