<?xml version="1.0" encoding="UTF-8"?>
<!-- Generated by org.testng.reporters.JUnitXMLReporter -->
<testsuite ignored="0" hostname="Asus-Vivobook14" failures="0" tests="8" name="Test" time="46.998" errors="0" timestamp="2023-01-12T16:14:48 IST">
  <testcase classname="headphonesBatchExecution.Headphones_TC_highBass_001" name="Headphones" time="18.091"/>
  <testcase classname="carsBatchExecution.Car_TC_racing_003" name="Car1" time="18.396"/>
  <testcase classname="carsBatchExecution.Car_TC_racing_004" name="Car1" time="25.407"/>
  <testcase classname="headphonesBatchExecution.Headphones_TC_highBass_002" name="Headphones" time="20.431"/>
  <testcase classname="carsBatchExecution.Car_TC_racing_001" name="Car1" time="39.516"/>
  <testcase classname="carsBatchExecution.Car_TC_racing_002" name="Car1" time="40.024"/>
  <testcase classname="headphonesBatchExecution.Headphones_TC_highBass_003" name="Headphones" time="22.776"/>
  <testcase classname="headphonesBatchExecution.Headphones_TC_highBass_004" name="Headphones" time="21.549"/>
</testsuite> <!-- Test -->
